2025-10-20 17:17:27,139 INFO: divine analysis [in /home/phi/PROJECTS/geometor/divine/src/geometor/divine/events.py:19]
2025-10-20 17:17:27,140 INFO:   no parent lines found [in /home/phi/PROJECTS/geometor/divine/src/geometor/divine/events.py:19]
2025-10-20 17:17:27,140 INFO: divine analysis [in /home/phi/PROJECTS/geometor/divine/src/geometor/divine/events.py:19]
2025-10-20 17:17:27,140 INFO:   no parent lines found [in /home/phi/PROJECTS/geometor/divine/src/geometor/divine/events.py:19]
2025-10-20 17:17:50,129 INFO: divine analysis [in /home/phi/PROJECTS/geometor/divine/src/geometor/divine/events.py:19]
2025-10-20 17:17:50,129 INFO:   no parent lines found [in /home/phi/PROJECTS/geometor/divine/src/geometor/divine/events.py:19]
2025-10-20 17:17:50,129 INFO: divine analysis [in /home/phi/PROJECTS/geometor/divine/src/geometor/divine/events.py:19]
2025-10-20 17:17:50,130 INFO:   no parent lines found [in /home/phi/PROJECTS/geometor/divine/src/geometor/divine/events.py:19]
2025-10-20 17:17:51,215 INFO: divine analysis [in /home/phi/PROJECTS/geometor/divine/src/geometor/divine/events.py:19]
2025-10-20 17:17:51,215 INFO:   no parent lines found [in /home/phi/PROJECTS/geometor/divine/src/geometor/divine/events.py:19]
2025-10-20 17:17:51,216 INFO: divine analysis [in /home/phi/PROJECTS/geometor/divine/src/geometor/divine/events.py:19]
2025-10-20 17:17:51,216 INFO:   no parent lines found [in /home/phi/PROJECTS/geometor/divine/src/geometor/divine/events.py:19]
2025-10-20 17:17:58,217 INFO: - A B - : y [in /home/phi/PROJECTS/geometor/explorer/src/geometor/explorer/app.py:139]
2025-10-20 17:18:03,855 INFO: divine analysis [in /home/phi/PROJECTS/geometor/divine/src/geometor/divine/events.py:19]
2025-10-20 17:18:03,855 INFO:   found 1 parent line(s): ['- A B -'] [in /home/phi/PROJECTS/geometor/divine/src/geometor/divine/events.py:19]
2025-10-20 17:18:03,855 INFO:     line 1 of 1 : - A B - [in /home/phi/PROJECTS/geometor/divine/src/geometor/divine/events.py:19]
2025-10-20 17:18:03,857 INFO:       1 sections with C [in /home/phi/PROJECTS/geometor/divine/src/geometor/divine/events.py:19]
2025-10-20 17:18:03,858 INFO: ( A B ) : x**2 + y**2 - 1 [in /home/phi/PROJECTS/geometor/explorer/src/geometor/explorer/app.py:156]
2025-10-20 17:18:03,859 INFO:     C : { -1, 0 } [in /home/phi/PROJECTS/geometor/explorer/src/geometor/explorer/app.py:158]
2025-10-20 17:27:18,584 INFO: divine analysis [in /home/phi/PROJECTS/geometor/divine/src/geometor/divine/events.py:19]
2025-10-20 17:27:18,584 INFO:   no parent lines found [in /home/phi/PROJECTS/geometor/divine/src/geometor/divine/events.py:19]
2025-10-20 17:27:18,584 INFO: divine analysis [in /home/phi/PROJECTS/geometor/divine/src/geometor/divine/events.py:19]
2025-10-20 17:27:18,584 INFO:   no parent lines found [in /home/phi/PROJECTS/geometor/divine/src/geometor/divine/events.py:19]
2025-10-20 17:27:19,708 INFO: divine analysis [in /home/phi/PROJECTS/geometor/divine/src/geometor/divine/events.py:19]
2025-10-20 17:27:19,709 INFO:   no parent lines found [in /home/phi/PROJECTS/geometor/divine/src/geometor/divine/events.py:19]
2025-10-20 17:27:19,709 INFO: divine analysis [in /home/phi/PROJECTS/geometor/divine/src/geometor/divine/events.py:19]
2025-10-20 17:27:19,709 INFO:   no parent lines found [in /home/phi/PROJECTS/geometor/divine/src/geometor/divine/events.py:19]
2025-10-20 17:27:25,940 INFO: - A B - : y [in /home/phi/PROJECTS/geometor/explorer/src/geometor/explorer/app.py:147]
2025-10-20 17:27:29,551 INFO: divine analysis [in /home/phi/PROJECTS/geometor/divine/src/geometor/divine/events.py:19]
2025-10-20 17:27:29,551 INFO:   found 1 parent line(s): ['- A B -'] [in /home/phi/PROJECTS/geometor/divine/src/geometor/divine/events.py:19]
2025-10-20 17:27:29,551 INFO:     line 1 of 1 : - A B - [in /home/phi/PROJECTS/geometor/divine/src/geometor/divine/events.py:19]
2025-10-20 17:27:29,552 INFO:       1 sections with C [in /home/phi/PROJECTS/geometor/divine/src/geometor/divine/events.py:19]
2025-10-20 17:27:29,557 INFO: ( A B ) : x**2 + y**2 - 1 [in /home/phi/PROJECTS/geometor/explorer/src/geometor/explorer/app.py:176]
2025-10-20 17:27:29,557 INFO:     C : { -1, 0 } [in /home/phi/PROJECTS/geometor/explorer/src/geometor/explorer/app.py:179]
2025-10-20 17:27:29,557 INFO:         divine analysis [in /home/phi/PROJECTS/geometor/explorer/src/geometor/explorer/app.py:182]
2025-10-20 17:27:29,557 INFO:           found 1 parent line(s): ['- A B -'] [in /home/phi/PROJECTS/geometor/explorer/src/geometor/explorer/app.py:182]
2025-10-20 17:27:29,557 INFO:             line 1 of 1 : - A B - [in /home/phi/PROJECTS/geometor/explorer/src/geometor/explorer/app.py:182]
2025-10-20 17:27:29,557 INFO:               1 sections with C [in /home/phi/PROJECTS/geometor/explorer/src/geometor/explorer/app.py:182]
2025-10-20 17:28:07,751 INFO: divine analysis [in /home/phi/PROJECTS/geometor/divine/src/geometor/divine/events.py:19]
2025-10-20 17:28:07,751 INFO:   found 1 parent line(s): ['- A B -'] [in /home/phi/PROJECTS/geometor/divine/src/geometor/divine/events.py:19]
2025-10-20 17:28:07,751 INFO:     line 1 of 1 : - A B - [in /home/phi/PROJECTS/geometor/divine/src/geometor/divine/events.py:19]
2025-10-20 17:28:07,753 INFO:       3 sections with D [in /home/phi/PROJECTS/geometor/divine/src/geometor/divine/events.py:19]
2025-10-20 17:28:07,770 INFO: divine analysis [in /home/phi/PROJECTS/geometor/divine/src/geometor/divine/events.py:19]
2025-10-20 17:28:07,770 INFO:   no parent lines found [in /home/phi/PROJECTS/geometor/divine/src/geometor/divine/events.py:19]
2025-10-20 17:28:07,776 INFO: divine analysis [in /home/phi/PROJECTS/geometor/divine/src/geometor/divine/events.py:19]
2025-10-20 17:28:07,776 INFO:   no parent lines found [in /home/phi/PROJECTS/geometor/divine/src/geometor/divine/events.py:19]
2025-10-20 17:28:07,777 INFO: ( B A ) : y**2 + (x - 1)**2 - 1 [in /home/phi/PROJECTS/geometor/explorer/src/geometor/explorer/app.py:176]
2025-10-20 17:28:07,777 INFO:     D : { 2, 0 } [in /home/phi/PROJECTS/geometor/explorer/src/geometor/explorer/app.py:179]
2025-10-20 17:28:07,777 INFO:     E : { 1/2, -sqrt(3)/2 } [in /home/phi/PROJECTS/geometor/explorer/src/geometor/explorer/app.py:179]
2025-10-20 17:28:07,777 INFO:     F : { 1/2, sqrt(3)/2 } [in /home/phi/PROJECTS/geometor/explorer/src/geometor/explorer/app.py:179]
2025-10-20 17:28:07,777 INFO:         divine analysis [in /home/phi/PROJECTS/geometor/explorer/src/geometor/explorer/app.py:182]
2025-10-20 17:28:07,777 INFO:           found 1 parent line(s): ['- A B -'] [in /home/phi/PROJECTS/geometor/explorer/src/geometor/explorer/app.py:182]
2025-10-20 17:28:07,777 INFO:             line 1 of 1 : - A B - [in /home/phi/PROJECTS/geometor/explorer/src/geometor/explorer/app.py:182]
2025-10-20 17:28:07,777 INFO:               3 sections with D [in /home/phi/PROJECTS/geometor/explorer/src/geometor/explorer/app.py:182]
2025-10-20 17:28:07,778 INFO:         divine analysis [in /home/phi/PROJECTS/geometor/explorer/src/geometor/explorer/app.py:182]
2025-10-20 17:28:07,778 INFO:           no parent lines found [in /home/phi/PROJECTS/geometor/explorer/src/geometor/explorer/app.py:182]
2025-10-20 17:28:07,778 INFO:         divine analysis [in /home/phi/PROJECTS/geometor/explorer/src/geometor/explorer/app.py:182]
2025-10-20 17:28:07,778 INFO:           no parent lines found [in /home/phi/PROJECTS/geometor/explorer/src/geometor/explorer/app.py:182]
2025-10-20 17:28:39,838 INFO: divine analysis [in /home/phi/PROJECTS/geometor/divine/src/geometor/divine/events.py:19]
2025-10-20 17:28:39,838 INFO:   found 2 parent line(s): ['- A B -', '- E F -'] [in /home/phi/PROJECTS/geometor/divine/src/geometor/divine/events.py:19]
2025-10-20 17:28:39,838 INFO:     line 1 of 2 : - A B - [in /home/phi/PROJECTS/geometor/divine/src/geometor/divine/events.py:19]
2025-10-20 17:28:39,856 INFO:       6 sections with G [in /home/phi/PROJECTS/geometor/divine/src/geometor/divine/events.py:19]
2025-10-20 17:28:39,858 INFO:     line 2 of 2 : - E F - [in /home/phi/PROJECTS/geometor/divine/src/geometor/divine/events.py:19]
2025-10-20 17:28:39,900 INFO:       1 sections with G [in /home/phi/PROJECTS/geometor/divine/src/geometor/divine/events.py:19]
2025-10-20 17:28:40,252 INFO: - E F - : x - 1/2 [in /home/phi/PROJECTS/geometor/explorer/src/geometor/explorer/app.py:147]
2025-10-20 17:28:40,252 INFO:     G : { 1/2, 0 } [in /home/phi/PROJECTS/geometor/explorer/src/geometor/explorer/app.py:150]
2025-10-20 17:28:40,252 INFO:         divine analysis [in /home/phi/PROJECTS/geometor/explorer/src/geometor/explorer/app.py:153]
2025-10-20 17:28:40,252 INFO:           found 2 parent line(s): ['- A B -', '- E F -'] [in /home/phi/PROJECTS/geometor/explorer/src/geometor/explorer/app.py:153]
2025-10-20 17:28:40,252 INFO:             line 1 of 2 : - A B - [in /home/phi/PROJECTS/geometor/explorer/src/geometor/explorer/app.py:153]
2025-10-20 17:28:40,252 INFO:               6 sections with G [in /home/phi/PROJECTS/geometor/explorer/src/geometor/explorer/app.py:153]
2025-10-20 17:28:40,253 INFO:             line 2 of 2 : - E F - [in /home/phi/PROJECTS/geometor/explorer/src/geometor/explorer/app.py:153]
2025-10-20 17:28:40,253 INFO:               1 sections with G [in /home/phi/PROJECTS/geometor/explorer/src/geometor/explorer/app.py:153]
2025-10-20 17:30:57,354 INFO: divine analysis [in /home/phi/PROJECTS/geometor/divine/src/geometor/divine/events.py:19]
2025-10-20 17:30:57,354 INFO:   no parent lines found [in /home/phi/PROJECTS/geometor/divine/src/geometor/divine/events.py:19]
2025-10-20 17:30:57,354 INFO: divine analysis [in /home/phi/PROJECTS/geometor/divine/src/geometor/divine/events.py:19]
2025-10-20 17:30:57,354 INFO:   no parent lines found [in /home/phi/PROJECTS/geometor/divine/src/geometor/divine/events.py:19]
2025-10-20 17:31:10,020 INFO: divine analysis [in /home/phi/PROJECTS/geometor/divine/src/geometor/divine/events.py:19]
2025-10-20 17:31:10,020 INFO:   no parent lines found [in /home/phi/PROJECTS/geometor/divine/src/geometor/divine/events.py:19]
2025-10-20 17:31:10,020 INFO: divine analysis [in /home/phi/PROJECTS/geometor/divine/src/geometor/divine/events.py:19]
2025-10-20 17:31:10,020 INFO:   no parent lines found [in /home/phi/PROJECTS/geometor/divine/src/geometor/divine/events.py:19]
2025-10-20 17:31:38,660 INFO: divine analysis [in /home/phi/PROJECTS/geometor/divine/src/geometor/divine/events.py:19]
2025-10-20 17:31:38,661 INFO:   no parent lines found [in /home/phi/PROJECTS/geometor/divine/src/geometor/divine/events.py:19]
2025-10-20 17:31:38,661 INFO: divine analysis [in /home/phi/PROJECTS/geometor/divine/src/geometor/divine/events.py:19]
2025-10-20 17:31:38,661 INFO:   no parent lines found [in /home/phi/PROJECTS/geometor/divine/src/geometor/divine/events.py:19]
2025-10-20 17:31:50,405 INFO: divine analysis [in /home/phi/PROJECTS/geometor/divine/src/geometor/divine/events.py:19]
2025-10-20 17:31:50,405 INFO:   no parent lines found [in /home/phi/PROJECTS/geometor/divine/src/geometor/divine/events.py:19]
2025-10-20 17:31:50,405 INFO: divine analysis [in /home/phi/PROJECTS/geometor/divine/src/geometor/divine/events.py:19]
2025-10-20 17:31:50,405 INFO:   no parent lines found [in /home/phi/PROJECTS/geometor/divine/src/geometor/divine/events.py:19]
2025-10-20 17:31:51,554 INFO: divine analysis [in /home/phi/PROJECTS/geometor/divine/src/geometor/divine/events.py:19]
2025-10-20 17:31:51,554 INFO:   no parent lines found [in /home/phi/PROJECTS/geometor/divine/src/geometor/divine/events.py:19]
2025-10-20 17:31:51,554 INFO: divine analysis [in /home/phi/PROJECTS/geometor/divine/src/geometor/divine/events.py:19]
2025-10-20 17:31:51,554 INFO:   no parent lines found [in /home/phi/PROJECTS/geometor/divine/src/geometor/divine/events.py:19]
2025-10-20 17:32:12,259 INFO: - A B - : y [in /home/phi/PROJECTS/geometor/explorer/src/geometor/explorer/app.py:148]
2025-10-20 17:32:17,447 INFO: ( A B ) : x**2 + y**2 - 1 [in /home/phi/PROJECTS/geometor/explorer/src/geometor/explorer/app.py:182]
2025-10-20 17:32:17,448 INFO:     C : { -1, 0 } [in /home/phi/PROJECTS/geometor/explorer/src/geometor/explorer/app.py:185]
2025-10-20 17:32:17,448 INFO:         divine analysis [in /home/phi/PROJECTS/geometor/explorer/src/geometor/explorer/app.py:188]
2025-10-20 17:32:17,448 INFO:           found 1 parent line(s): ['- A B -'] [in /home/phi/PROJECTS/geometor/explorer/src/geometor/explorer/app.py:188]
2025-10-20 17:32:17,448 INFO:             line 1 of 1 : - A B - [in /home/phi/PROJECTS/geometor/explorer/src/geometor/explorer/app.py:188]
2025-10-20 17:32:17,448 INFO:               1 sections with C [in /home/phi/PROJECTS/geometor/explorer/src/geometor/explorer/app.py:188]
2025-10-20 17:32:23,821 INFO: ( B A ) : y**2 + (x - 1)**2 - 1 [in /home/phi/PROJECTS/geometor/explorer/src/geometor/explorer/app.py:182]
2025-10-20 17:32:23,821 INFO:     D : { 2, 0 } [in /home/phi/PROJECTS/geometor/explorer/src/geometor/explorer/app.py:185]
2025-10-20 17:32:23,822 INFO:     E : { 1/2, -sqrt(3)/2 } [in /home/phi/PROJECTS/geometor/explorer/src/geometor/explorer/app.py:185]
2025-10-20 17:32:23,822 INFO:     F : { 1/2, sqrt(3)/2 } [in /home/phi/PROJECTS/geometor/explorer/src/geometor/explorer/app.py:185]
2025-10-20 17:32:23,822 INFO:         divine analysis [in /home/phi/PROJECTS/geometor/explorer/src/geometor/explorer/app.py:188]
2025-10-20 17:32:23,822 INFO:           found 1 parent line(s): ['- A B -'] [in /home/phi/PROJECTS/geometor/explorer/src/geometor/explorer/app.py:188]
2025-10-20 17:32:23,822 INFO:             line 1 of 1 : - A B - [in /home/phi/PROJECTS/geometor/explorer/src/geometor/explorer/app.py:188]
2025-10-20 17:32:23,822 INFO:               3 sections with D [in /home/phi/PROJECTS/geometor/explorer/src/geometor/explorer/app.py:188]
2025-10-20 17:32:23,822 INFO:         divine analysis [in /home/phi/PROJECTS/geometor/explorer/src/geometor/explorer/app.py:188]
2025-10-20 17:32:23,822 INFO:           no parent lines found [in /home/phi/PROJECTS/geometor/explorer/src/geometor/explorer/app.py:188]
2025-10-20 17:32:23,822 INFO:         divine analysis [in /home/phi/PROJECTS/geometor/explorer/src/geometor/explorer/app.py:188]
2025-10-20 17:32:23,822 INFO:           no parent lines found [in /home/phi/PROJECTS/geometor/explorer/src/geometor/explorer/app.py:188]
2025-10-20 17:35:14,046 INFO:     A : { 0, 0 } [in /home/phi/PROJECTS/geometor/divine/src/geometor/divine/events.py:20]
2025-10-20 17:35:14,046 INFO:         divine analysis [in /home/phi/PROJECTS/geometor/divine/src/geometor/divine/events.py:24]
2025-10-20 17:35:14,046 INFO:         no parent lines found [in /home/phi/PROJECTS/geometor/divine/src/geometor/divine/events.py:24]
2025-10-20 17:35:14,047 INFO:     B : { 1, 0 } [in /home/phi/PROJECTS/geometor/divine/src/geometor/divine/events.py:20]
2025-10-20 17:35:14,047 INFO:         divine analysis [in /home/phi/PROJECTS/geometor/divine/src/geometor/divine/events.py:24]
2025-10-20 17:35:14,047 INFO:         no parent lines found [in /home/phi/PROJECTS/geometor/divine/src/geometor/divine/events.py:24]
2025-10-20 17:35:44,725 INFO:     A : { 0, 0 } [in /home/phi/PROJECTS/geometor/divine/src/geometor/divine/events.py:20]
2025-10-20 17:35:44,725 INFO:         divine analysis [in /home/phi/PROJECTS/geometor/divine/src/geometor/divine/events.py:24]
2025-10-20 17:35:44,725 INFO:         no parent lines found [in /home/phi/PROJECTS/geometor/divine/src/geometor/divine/events.py:24]
2025-10-20 17:35:44,725 INFO:     B : { 1, 0 } [in /home/phi/PROJECTS/geometor/divine/src/geometor/divine/events.py:20]
2025-10-20 17:35:44,725 INFO:         divine analysis [in /home/phi/PROJECTS/geometor/divine/src/geometor/divine/events.py:24]
2025-10-20 17:35:44,725 INFO:         no parent lines found [in /home/phi/PROJECTS/geometor/divine/src/geometor/divine/events.py:24]
2025-10-20 17:36:06,283 INFO:     A : { 0, 0 } [in /home/phi/PROJECTS/geometor/divine/src/geometor/divine/events.py:20]
2025-10-20 17:36:06,284 INFO:         divine analysis [in /home/phi/PROJECTS/geometor/divine/src/geometor/divine/events.py:24]
2025-10-20 17:36:06,284 INFO:         no parent lines found [in /home/phi/PROJECTS/geometor/divine/src/geometor/divine/events.py:24]
2025-10-20 17:36:06,284 INFO:     B : { 1, 0 } [in /home/phi/PROJECTS/geometor/divine/src/geometor/divine/events.py:20]
2025-10-20 17:36:06,284 INFO:         divine analysis [in /home/phi/PROJECTS/geometor/divine/src/geometor/divine/events.py:24]
2025-10-20 17:36:06,284 INFO:         no parent lines found [in /home/phi/PROJECTS/geometor/divine/src/geometor/divine/events.py:24]
2025-10-20 17:36:25,813 INFO:     A : { 0, 0 } [in /home/phi/PROJECTS/geometor/divine/src/geometor/divine/events.py:20]
2025-10-20 17:36:25,813 INFO:         divine analysis [in /home/phi/PROJECTS/geometor/divine/src/geometor/divine/events.py:24]
2025-10-20 17:36:25,813 INFO:         no parent lines found [in /home/phi/PROJECTS/geometor/divine/src/geometor/divine/events.py:24]
2025-10-20 17:36:25,814 INFO:     B : { 1, 0 } [in /home/phi/PROJECTS/geometor/divine/src/geometor/divine/events.py:20]
2025-10-20 17:36:25,814 INFO:         divine analysis [in /home/phi/PROJECTS/geometor/divine/src/geometor/divine/events.py:24]
2025-10-20 17:36:25,814 INFO:         no parent lines found [in /home/phi/PROJECTS/geometor/divine/src/geometor/divine/events.py:24]
2025-10-20 17:36:50,070 INFO:     A : { 0, 0 } [in /home/phi/PROJECTS/geometor/divine/src/geometor/divine/events.py:20]
2025-10-20 17:36:50,070 INFO:         divine analysis [in /home/phi/PROJECTS/geometor/divine/src/geometor/divine/events.py:24]
2025-10-20 17:36:50,070 INFO:         no parent lines found [in /home/phi/PROJECTS/geometor/divine/src/geometor/divine/events.py:24]
2025-10-20 17:36:50,070 INFO:     B : { 1, 0 } [in /home/phi/PROJECTS/geometor/divine/src/geometor/divine/events.py:20]
2025-10-20 17:36:50,070 INFO:         divine analysis [in /home/phi/PROJECTS/geometor/divine/src/geometor/divine/events.py:24]
2025-10-20 17:36:50,070 INFO:         no parent lines found [in /home/phi/PROJECTS/geometor/divine/src/geometor/divine/events.py:24]
2025-10-20 17:36:51,214 INFO:     A : { 0, 0 } [in /home/phi/PROJECTS/geometor/divine/src/geometor/divine/events.py:20]
2025-10-20 17:36:51,214 INFO:         divine analysis [in /home/phi/PROJECTS/geometor/divine/src/geometor/divine/events.py:24]
2025-10-20 17:36:51,215 INFO:         no parent lines found [in /home/phi/PROJECTS/geometor/divine/src/geometor/divine/events.py:24]
2025-10-20 17:36:51,215 INFO:     B : { 1, 0 } [in /home/phi/PROJECTS/geometor/divine/src/geometor/divine/events.py:20]
2025-10-20 17:36:51,215 INFO:         divine analysis [in /home/phi/PROJECTS/geometor/divine/src/geometor/divine/events.py:24]
2025-10-20 17:36:51,215 INFO:         no parent lines found [in /home/phi/PROJECTS/geometor/divine/src/geometor/divine/events.py:24]
2025-10-20 17:36:59,884 INFO: ( A B ) : x**2 + y**2 - 1 [in /home/phi/PROJECTS/geometor/explorer/src/geometor/explorer/app.py:154]
2025-10-20 17:37:06,258 INFO:     C : { -1, 0 } [in /home/phi/PROJECTS/geometor/divine/src/geometor/divine/events.py:20]
2025-10-20 17:37:06,258 INFO:         divine analysis [in /home/phi/PROJECTS/geometor/divine/src/geometor/divine/events.py:24]
2025-10-20 17:37:06,258 INFO:         found 1 parent line(s): ['- A B -'] [in /home/phi/PROJECTS/geometor/divine/src/geometor/divine/events.py:24]
2025-10-20 17:37:06,258 INFO:         line 1 of 1 : - A B - [in /home/phi/PROJECTS/geometor/divine/src/geometor/divine/events.py:24]
2025-10-20 17:37:06,260 INFO:           1 sections with C [in /home/phi/PROJECTS/geometor/divine/src/geometor/divine/events.py:24]
2025-10-20 17:37:06,261 INFO: - A B - : y [in /home/phi/PROJECTS/geometor/explorer/src/geometor/explorer/app.py:139]
2025-10-20 17:37:32,960 INFO:     A : { 0, 0 } [in /home/phi/PROJECTS/geometor/divine/src/geometor/divine/events.py:20]
2025-10-20 17:37:32,960 INFO:         divine analysis [in /home/phi/PROJECTS/geometor/divine/src/geometor/divine/events.py:24]
2025-10-20 17:37:32,960 INFO:         no parent lines found [in /home/phi/PROJECTS/geometor/divine/src/geometor/divine/events.py:24]
2025-10-20 17:37:32,961 INFO:     B : { 1, 0 } [in /home/phi/PROJECTS/geometor/divine/src/geometor/divine/events.py:20]
2025-10-20 17:37:32,961 INFO:         divine analysis [in /home/phi/PROJECTS/geometor/divine/src/geometor/divine/events.py:24]
2025-10-20 17:37:32,961 INFO:         no parent lines found [in /home/phi/PROJECTS/geometor/divine/src/geometor/divine/events.py:24]
2025-10-20 17:37:34,058 INFO:     A : { 0, 0 } [in /home/phi/PROJECTS/geometor/divine/src/geometor/divine/events.py:20]
2025-10-20 17:37:34,058 INFO:         divine analysis [in /home/phi/PROJECTS/geometor/divine/src/geometor/divine/events.py:24]
2025-10-20 17:37:34,059 INFO:         no parent lines found [in /home/phi/PROJECTS/geometor/divine/src/geometor/divine/events.py:24]
2025-10-20 17:37:34,059 INFO:     B : { 1, 0 } [in /home/phi/PROJECTS/geometor/divine/src/geometor/divine/events.py:20]
2025-10-20 17:37:34,059 INFO:         divine analysis [in /home/phi/PROJECTS/geometor/divine/src/geometor/divine/events.py:24]
2025-10-20 17:37:34,059 INFO:         no parent lines found [in /home/phi/PROJECTS/geometor/divine/src/geometor/divine/events.py:24]
2025-10-20 17:38:26,553 INFO: - A B - : y [in /home/phi/PROJECTS/geometor/explorer/src/geometor/explorer/app.py:139]
2025-10-20 17:38:32,498 INFO:     C : { -1, 0 } [in /home/phi/PROJECTS/geometor/divine/src/geometor/divine/events.py:20]
2025-10-20 17:38:32,498 INFO:         divine analysis [in /home/phi/PROJECTS/geometor/divine/src/geometor/divine/events.py:24]
2025-10-20 17:38:32,498 INFO:         found 1 parent line(s): ['- A B -'] [in /home/phi/PROJECTS/geometor/divine/src/geometor/divine/events.py:24]
2025-10-20 17:38:32,498 INFO:         line 1 of 1 : - A B - [in /home/phi/PROJECTS/geometor/divine/src/geometor/divine/events.py:24]
2025-10-20 17:38:32,500 INFO:           1 sections with C [in /home/phi/PROJECTS/geometor/divine/src/geometor/divine/events.py:24]
2025-10-20 17:38:32,501 INFO: ( A B ) : x**2 + y**2 - 1 [in /home/phi/PROJECTS/geometor/explorer/src/geometor/explorer/app.py:154]
2025-10-20 17:45:53,734 INFO:     D : { 2, 0 } [in /home/phi/PROJECTS/geometor/divine/src/geometor/divine/events.py:20]
2025-10-20 17:45:53,734 INFO:         divine analysis [in /home/phi/PROJECTS/geometor/divine/src/geometor/divine/events.py:24]
2025-10-20 17:45:53,741 INFO:         found 1 parent line(s): ['- A B -'] [in /home/phi/PROJECTS/geometor/divine/src/geometor/divine/events.py:24]
2025-10-20 17:45:53,741 INFO:         line 1 of 1 : - A B - [in /home/phi/PROJECTS/geometor/divine/src/geometor/divine/events.py:24]
2025-10-20 17:45:53,743 INFO:           3 sections with D [in /home/phi/PROJECTS/geometor/divine/src/geometor/divine/events.py:24]
2025-10-20 17:45:53,753 INFO:     E : { 1/2, -sqrt(3)/2 } [in /home/phi/PROJECTS/geometor/divine/src/geometor/divine/events.py:20]
2025-10-20 17:45:53,753 INFO:         divine analysis [in /home/phi/PROJECTS/geometor/divine/src/geometor/divine/events.py:24]
2025-10-20 17:45:53,753 INFO:         no parent lines found [in /home/phi/PROJECTS/geometor/divine/src/geometor/divine/events.py:24]
2025-10-20 17:45:53,759 INFO:     F : { 1/2, sqrt(3)/2 } [in /home/phi/PROJECTS/geometor/divine/src/geometor/divine/events.py:20]
2025-10-20 17:45:53,759 INFO:         divine analysis [in /home/phi/PROJECTS/geometor/divine/src/geometor/divine/events.py:24]
2025-10-20 17:45:53,759 INFO:         no parent lines found [in /home/phi/PROJECTS/geometor/divine/src/geometor/divine/events.py:24]
2025-10-20 17:45:53,760 INFO: ( B A ) : y**2 + (x - 1)**2 - 1 [in /home/phi/PROJECTS/geometor/explorer/src/geometor/explorer/app.py:154]
2025-10-20 17:45:57,056 INFO:     G : { 1/2, 0 } [in /home/phi/PROJECTS/geometor/divine/src/geometor/divine/events.py:20]
2025-10-20 17:45:57,056 INFO:         divine analysis [in /home/phi/PROJECTS/geometor/divine/src/geometor/divine/events.py:24]
2025-10-20 17:45:57,056 INFO:         found 2 parent line(s): ['- A B -', '- E F -'] [in /home/phi/PROJECTS/geometor/divine/src/geometor/divine/events.py:24]
2025-10-20 17:45:57,056 INFO:         line 1 of 2 : - A B - [in /home/phi/PROJECTS/geometor/divine/src/geometor/divine/events.py:24]
2025-10-20 17:45:57,074 INFO:           6 sections with G [in /home/phi/PROJECTS/geometor/divine/src/geometor/divine/events.py:24]
2025-10-20 17:45:57,077 INFO:         line 2 of 2 : - E F - [in /home/phi/PROJECTS/geometor/divine/src/geometor/divine/events.py:24]
2025-10-20 17:45:57,124 INFO:           1 sections with G [in /home/phi/PROJECTS/geometor/divine/src/geometor/divine/events.py:24]
2025-10-20 17:45:57,146 INFO: - E F - : x - 1/2 [in /home/phi/PROJECTS/geometor/explorer/src/geometor/explorer/app.py:139]
2025-10-20 17:46:01,319 INFO:     H : { -2, 0 } [in /home/phi/PROJECTS/geometor/divine/src/geometor/divine/events.py:20]
2025-10-20 17:46:01,319 INFO:         divine analysis [in /home/phi/PROJECTS/geometor/divine/src/geometor/divine/events.py:24]
2025-10-20 17:46:01,319 INFO:         found 1 parent line(s): ['- A B -'] [in /home/phi/PROJECTS/geometor/divine/src/geometor/divine/events.py:24]
2025-10-20 17:46:01,319 INFO:         line 1 of 1 : - A B - [in /home/phi/PROJECTS/geometor/divine/src/geometor/divine/events.py:24]
2025-10-20 17:46:01,339 INFO:           10 sections with H [in /home/phi/PROJECTS/geometor/divine/src/geometor/divine/events.py:24]
2025-10-20 17:46:01,410 INFO:     I : { 1/2, -sqrt(15)/2 } [in /home/phi/PROJECTS/geometor/divine/src/geometor/divine/events.py:20]
2025-10-20 17:46:01,410 INFO:         divine analysis [in /home/phi/PROJECTS/geometor/divine/src/geometor/divine/events.py:24]
2025-10-20 17:46:01,410 INFO:         found 1 parent line(s): ['- E F -'] [in /home/phi/PROJECTS/geometor/divine/src/geometor/divine/events.py:24]
2025-10-20 17:46:01,410 INFO:         line 1 of 1 : - E F - [in /home/phi/PROJECTS/geometor/divine/src/geometor/divine/events.py:24]
2025-10-20 17:46:01,544 INFO:           3 sections with I [in /home/phi/PROJECTS/geometor/divine/src/geometor/divine/events.py:24]
2025-10-20 17:46:01,640 INFO:             / I E F / [in /home/phi/PROJECTS/geometor/divine/src/geometor/divine/events.py:24]
2025-10-20 17:46:01,700 INFO:     J : { 1/2, sqrt(15)/2 } [in /home/phi/PROJECTS/geometor/divine/src/geometor/divine/events.py:20]
2025-10-20 17:46:01,701 INFO:         divine analysis [in /home/phi/PROJECTS/geometor/divine/src/geometor/divine/events.py:24]
2025-10-20 17:46:01,701 INFO:         found 1 parent line(s): ['- E F -'] [in /home/phi/PROJECTS/geometor/divine/src/geometor/divine/events.py:24]
2025-10-20 17:46:01,701 INFO:         line 1 of 1 : - E F - [in /home/phi/PROJECTS/geometor/divine/src/geometor/divine/events.py:24]
2025-10-20 17:46:01,796 INFO:           6 sections with J [in /home/phi/PROJECTS/geometor/divine/src/geometor/divine/events.py:24]
2025-10-20 17:46:01,904 INFO:             / E F J / [in /home/phi/PROJECTS/geometor/divine/src/geometor/divine/events.py:24]
2025-10-20 17:46:01,918 INFO: ( A D ) : x**2 + y**2 - 4 [in /home/phi/PROJECTS/geometor/explorer/src/geometor/explorer/app.py:154]
2025-10-20 17:46:02,231 INFO: Found 4 groups by point [in /home/phi/PROJECTS/geometor/explorer/src/geometor/explorer/app.py:278]
2025-10-20 17:46:02,242 INFO: Found 0 chains [in /home/phi/PROJECTS/geometor/explorer/src/geometor/explorer/app.py:293]
2025-10-20 17:46:02,262 INFO: Found 2 groups by size [in /home/phi/PROJECTS/geometor/explorer/src/geometor/explorer/app.py:264]
2025-10-20 18:00:02,008 INFO:     A : { 0, 0 } [in /home/phi/PROJECTS/geometor/divine/src/geometor/divine/events.py:20]
2025-10-20 18:00:02,009 INFO:         divine analysis [in /home/phi/PROJECTS/geometor/divine/src/geometor/divine/events.py:24]
2025-10-20 18:00:02,009 INFO:         no parent lines found [in /home/phi/PROJECTS/geometor/divine/src/geometor/divine/events.py:24]
2025-10-20 18:00:02,009 INFO:     B : { 1, 0 } [in /home/phi/PROJECTS/geometor/divine/src/geometor/divine/events.py:20]
2025-10-20 18:00:02,009 INFO:         divine analysis [in /home/phi/PROJECTS/geometor/divine/src/geometor/divine/events.py:24]
2025-10-20 18:00:02,009 INFO:         no parent lines found [in /home/phi/PROJECTS/geometor/divine/src/geometor/divine/events.py:24]
2025-10-20 18:00:03,114 INFO:     A : { 0, 0 } [in /home/phi/PROJECTS/geometor/divine/src/geometor/divine/events.py:20]
2025-10-20 18:00:03,114 INFO:         divine analysis [in /home/phi/PROJECTS/geometor/divine/src/geometor/divine/events.py:24]
2025-10-20 18:00:03,114 INFO:         no parent lines found [in /home/phi/PROJECTS/geometor/divine/src/geometor/divine/events.py:24]
2025-10-20 18:00:03,114 INFO:     B : { 1, 0 } [in /home/phi/PROJECTS/geometor/divine/src/geometor/divine/events.py:20]
2025-10-20 18:00:03,114 INFO:         divine analysis [in /home/phi/PROJECTS/geometor/divine/src/geometor/divine/events.py:24]
2025-10-20 18:00:03,114 INFO:         no parent lines found [in /home/phi/PROJECTS/geometor/divine/src/geometor/divine/events.py:24]
2025-10-20 18:00:10,384 INFO: - A B - : y [in /home/phi/PROJECTS/geometor/explorer/src/geometor/explorer/app.py:138]
2025-10-20 18:00:15,774 INFO:     C : { -1, 0 } [in /home/phi/PROJECTS/geometor/divine/src/geometor/divine/events.py:20]
2025-10-20 18:00:15,774 INFO:         divine analysis [in /home/phi/PROJECTS/geometor/divine/src/geometor/divine/events.py:24]
2025-10-20 18:00:15,774 INFO:         found 1 parent line(s): ['- A B -'] [in /home/phi/PROJECTS/geometor/divine/src/geometor/divine/events.py:24]
2025-10-20 18:00:15,774 INFO:         line 1 of 1 : - A B - [in /home/phi/PROJECTS/geometor/divine/src/geometor/divine/events.py:24]
2025-10-20 18:00:15,776 INFO:           1 sections with C [in /home/phi/PROJECTS/geometor/divine/src/geometor/divine/events.py:24]
2025-10-20 18:00:15,778 INFO: ( A B ) : x**2 + y**2 - 1 [in /home/phi/PROJECTS/geometor/explorer/src/geometor/explorer/app.py:153]
2025-10-20 18:04:43,578 INFO:     A : { 0, 0 } [in /home/phi/PROJECTS/geometor/divine/src/geometor/divine/events.py:20]
2025-10-20 18:04:43,578 INFO:         divine analysis [in /home/phi/PROJECTS/geometor/divine/src/geometor/divine/events.py:24]
2025-10-20 18:04:43,578 INFO:         no parent lines found [in /home/phi/PROJECTS/geometor/divine/src/geometor/divine/events.py:24]
2025-10-20 18:04:43,579 INFO:     B : { 1, 0 } [in /home/phi/PROJECTS/geometor/divine/src/geometor/divine/events.py:20]
2025-10-20 18:04:43,579 INFO:         divine analysis [in /home/phi/PROJECTS/geometor/divine/src/geometor/divine/events.py:24]
2025-10-20 18:04:43,579 INFO:         no parent lines found [in /home/phi/PROJECTS/geometor/divine/src/geometor/divine/events.py:24]
2025-10-20 18:04:44,722 INFO:     A : { 0, 0 } [in /home/phi/PROJECTS/geometor/divine/src/geometor/divine/events.py:20]
2025-10-20 18:04:44,722 INFO:         divine analysis [in /home/phi/PROJECTS/geometor/divine/src/geometor/divine/events.py:24]
2025-10-20 18:04:44,723 INFO:         no parent lines found [in /home/phi/PROJECTS/geometor/divine/src/geometor/divine/events.py:24]
2025-10-20 18:04:44,723 INFO:     B : { 1, 0 } [in /home/phi/PROJECTS/geometor/divine/src/geometor/divine/events.py:20]
2025-10-20 18:04:44,723 INFO:         divine analysis [in /home/phi/PROJECTS/geometor/divine/src/geometor/divine/events.py:24]
2025-10-20 18:04:44,723 INFO:         no parent lines found [in /home/phi/PROJECTS/geometor/divine/src/geometor/divine/events.py:24]
2025-10-20 18:04:47,808 INFO: - A B - = y [in /home/phi/PROJECTS/geometor/model/src/geometor/model/_lines.py:60]
2025-10-20 18:04:49,843 INFO: ( A B ) = x**2 + y**2 - 1 [in /home/phi/PROJECTS/geometor/model/src/geometor/model/_circles.py:77]
2025-10-20 18:04:50,146 INFO:     C : { -1, 0 } [in /home/phi/PROJECTS/geometor/divine/src/geometor/divine/events.py:20]
2025-10-20 18:04:50,146 INFO:         divine analysis [in /home/phi/PROJECTS/geometor/divine/src/geometor/divine/events.py:24]
2025-10-20 18:04:50,146 INFO:         found 1 parent line(s): ['- A B -'] [in /home/phi/PROJECTS/geometor/divine/src/geometor/divine/events.py:24]
2025-10-20 18:04:50,146 INFO:         line 1 of 1 : - A B - [in /home/phi/PROJECTS/geometor/divine/src/geometor/divine/events.py:24]
2025-10-20 18:04:50,149 INFO:           1 sections with C [in /home/phi/PROJECTS/geometor/divine/src/geometor/divine/events.py:24]
2025-10-20 18:04:52,422 INFO: ( B A ) = y**2 + (x - 1)**2 - 1 [in /home/phi/PROJECTS/geometor/model/src/geometor/model/_circles.py:77]
2025-10-20 18:04:52,488 INFO:     D : { 2, 0 } [in /home/phi/PROJECTS/geometor/divine/src/geometor/divine/events.py:20]
2025-10-20 18:04:52,488 INFO:         divine analysis [in /home/phi/PROJECTS/geometor/divine/src/geometor/divine/events.py:24]
2025-10-20 18:04:52,488 INFO:         found 1 parent line(s): ['- A B -'] [in /home/phi/PROJECTS/geometor/divine/src/geometor/divine/events.py:24]
2025-10-20 18:04:52,488 INFO:         line 1 of 1 : - A B - [in /home/phi/PROJECTS/geometor/divine/src/geometor/divine/events.py:24]
2025-10-20 18:04:52,490 INFO:           3 sections with D [in /home/phi/PROJECTS/geometor/divine/src/geometor/divine/events.py:24]
2025-10-20 18:04:52,499 INFO:     E : { 1/2, -sqrt(3)/2 } [in /home/phi/PROJECTS/geometor/divine/src/geometor/divine/events.py:20]
2025-10-20 18:04:52,499 INFO:         divine analysis [in /home/phi/PROJECTS/geometor/divine/src/geometor/divine/events.py:24]
2025-10-20 18:04:52,499 INFO:         no parent lines found [in /home/phi/PROJECTS/geometor/divine/src/geometor/divine/events.py:24]
2025-10-20 18:04:52,506 INFO:     F : { 1/2, sqrt(3)/2 } [in /home/phi/PROJECTS/geometor/divine/src/geometor/divine/events.py:20]
2025-10-20 18:04:52,506 INFO:         divine analysis [in /home/phi/PROJECTS/geometor/divine/src/geometor/divine/events.py:24]
2025-10-20 18:04:52,506 INFO:         no parent lines found [in /home/phi/PROJECTS/geometor/divine/src/geometor/divine/events.py:24]
2025-10-20 18:04:55,224 INFO: - E F - = x - 1/2 [in /home/phi/PROJECTS/geometor/model/src/geometor/model/_lines.py:60]
2025-10-20 18:04:55,342 INFO:     G : { 1/2, 0 } [in /home/phi/PROJECTS/geometor/divine/src/geometor/divine/events.py:20]
2025-10-20 18:04:55,342 INFO:         divine analysis [in /home/phi/PROJECTS/geometor/divine/src/geometor/divine/events.py:24]
2025-10-20 18:04:55,342 INFO:         found 2 parent line(s): ['- A B -', '- E F -'] [in /home/phi/PROJECTS/geometor/divine/src/geometor/divine/events.py:24]
2025-10-20 18:04:55,342 INFO:         line 1 of 2 : - A B - [in /home/phi/PROJECTS/geometor/divine/src/geometor/divine/events.py:24]
2025-10-20 18:04:55,368 INFO:           6 sections with G [in /home/phi/PROJECTS/geometor/divine/src/geometor/divine/events.py:24]
2025-10-20 18:04:55,371 INFO:         line 2 of 2 : - E F - [in /home/phi/PROJECTS/geometor/divine/src/geometor/divine/events.py:24]
2025-10-20 18:04:55,430 INFO:           1 sections with G [in /home/phi/PROJECTS/geometor/divine/src/geometor/divine/events.py:24]
2025-10-20 18:06:48,405 INFO:     A : { 0, 0 } [in /home/phi/PROJECTS/geometor/divine/src/geometor/divine/events.py:20]
2025-10-20 18:06:48,405 INFO:         divine analysis [in /home/phi/PROJECTS/geometor/divine/src/geometor/divine/events.py:24]
2025-10-20 18:06:48,405 INFO:         no parent lines found [in /home/phi/PROJECTS/geometor/divine/src/geometor/divine/events.py:24]
2025-10-20 18:06:48,406 INFO:     B : { 1, 0 } [in /home/phi/PROJECTS/geometor/divine/src/geometor/divine/events.py:20]
2025-10-20 18:06:48,406 INFO:         divine analysis [in /home/phi/PROJECTS/geometor/divine/src/geometor/divine/events.py:24]
2025-10-20 18:06:48,406 INFO:         no parent lines found [in /home/phi/PROJECTS/geometor/divine/src/geometor/divine/events.py:24]
